  [1m[35m (0.3ms)[0m  [1m[34mSELECT sqlite_version(*)[0m
  [1m[35m (18.4ms)[0m  [1m[35mCREATE TABLE "schema_migrations" ("version" varchar NOT NULL PRIMARY KEY)[0m
  [1m[35m (10.2ms)[0m  [1m[35mCREATE TABLE "ar_internal_metadata" ("key" varchar NOT NULL PRIMARY KEY, "value" varchar, "created_at" datetime NOT NULL, "updated_at" datetime NOT NULL)[0m
  [1m[35m (0.3ms)[0m  [1m[34mSELECT "schema_migrations"."version" FROM "schema_migrations" ORDER BY "schema_migrations"."version" ASC[0m
Migrating to CreateTransactions (20220823002101)
  [1m[35m (0.1ms)[0m  [1m[36mbegin transaction[0m
  [1m[35m (1.2ms)[0m  [1m[35mCREATE TABLE "transactions" ("id" INTEGER PRIMARY KEY AUTOINCREMENT NOT NULL, "credit_card_number" varchar, "cvv" integer, "due_date" date, "amount" decimal, "created_at" datetime NOT NULL, "updated_at" datetime NOT NULL)[0m
  [1m[35mSQL (3.6ms)[0m  [1m[32mINSERT INTO "schema_migrations" ("version") VALUES (?)[0m  [["version", "20220823002101"]]
  [1m[35m (8.8ms)[0m  [1m[36mcommit transaction[0m
  [1m[36mActiveRecord::InternalMetadata Load (0.2ms)[0m  [1m[34mSELECT  "ar_internal_metadata".* FROM "ar_internal_metadata" WHERE "ar_internal_metadata"."key" = ? LIMIT ?[0m  [["key", "environment"], ["LIMIT", 1]]
  [1m[35m (0.1ms)[0m  [1m[36mbegin transaction[0m
  [1m[35mSQL (1.4ms)[0m  [1m[32mINSERT INTO "ar_internal_metadata" ("key", "value", "created_at", "updated_at") VALUES (?, ?, ?, ?)[0m  [["key", "environment"], ["value", "development"], ["created_at", "2022-08-23 00:23:14.866221"], ["updated_at", "2022-08-23 00:23:14.866221"]]
  [1m[35m (4.7ms)[0m  [1m[36mcommit transaction[0m
  [1m[35m (0.2ms)[0m  [1m[34mSELECT "schema_migrations"."version" FROM "schema_migrations" ORDER BY "schema_migrations"."version" ASC[0m
  [1m[35m (0.2ms)[0m  [1m[34mSELECT "schema_migrations"."version" FROM "schema_migrations" ORDER BY "schema_migrations"."version" ASC[0m
  [1m[35m (0.1ms)[0m  [1m[34mSELECT "schema_migrations"."version" FROM "schema_migrations" ORDER BY "schema_migrations"."version" ASC[0m
Migrating to CreateTransactions (20220823002101)
  [1m[35m (0.1ms)[0m  [1m[36mbegin transaction[0m
  [1m[35m (4.1ms)[0m  [1m[35mDROP TABLE "transactions"[0m
  [1m[35mSQL (0.3ms)[0m  [1m[31mDELETE FROM "schema_migrations" WHERE "schema_migrations"."version" = ?[0m  [["version", "20220823002101"]]
  [1m[35m (16.8ms)[0m  [1m[36mcommit transaction[0m
  [1m[35m (0.3ms)[0m  [1m[34mSELECT "schema_migrations"."version" FROM "schema_migrations" ORDER BY "schema_migrations"."version" ASC[0m
  [1m[35m (0.3ms)[0m  [1m[34mSELECT "schema_migrations"."version" FROM "schema_migrations" ORDER BY "schema_migrations"."version" ASC[0m
Migrating to CreateTransactions (20220823002101)
  [1m[35m (0.7ms)[0m  [1m[36mbegin transaction[0m
  [1m[35m (0.2ms)[0m  [1m[34mSELECT sqlite_version(*)[0m
  [1m[35m (0.8ms)[0m  [1m[35mCREATE TABLE "transactions" ("id" INTEGER PRIMARY KEY AUTOINCREMENT NOT NULL, "credit_card_number" varchar, "cvv" integer, "due_date" date, "amount" decimal, "status" integer, "created_at" datetime NOT NULL, "updated_at" datetime NOT NULL)[0m
  [1m[35mSQL (0.2ms)[0m  [1m[32mINSERT INTO "schema_migrations" ("version") VALUES (?)[0m  [["version", "20220823002101"]]
  [1m[35m (22.6ms)[0m  [1m[36mcommit transaction[0m
  [1m[36mActiveRecord::InternalMetadata Load (0.4ms)[0m  [1m[34mSELECT  "ar_internal_metadata".* FROM "ar_internal_metadata" WHERE "ar_internal_metadata"."key" = ? LIMIT ?[0m  [["key", "environment"], ["LIMIT", 1]]
  [1m[35m (0.1ms)[0m  [1m[36mbegin transaction[0m
  [1m[35m (0.4ms)[0m  [1m[36mcommit transaction[0m
  [1m[35m (0.2ms)[0m  [1m[34mSELECT "schema_migrations"."version" FROM "schema_migrations" ORDER BY "schema_migrations"."version" ASC[0m
  [1m[35m (0.1ms)[0m  [1m[36mbegin transaction[0m
  [1m[35mSQL (2.9ms)[0m  [1m[32mINSERT INTO "transactions" ("created_at", "updated_at") VALUES (?, ?)[0m  [["created_at", "2022-08-23 00:37:08.474629"], ["updated_at", "2022-08-23 00:37:08.474629"]]
  [1m[35m (31.6ms)[0m  [1m[36mcommit transaction[0m
  [1m[35m (0.1ms)[0m  [1m[36mbegin transaction[0m
  [1m[35mSQL (0.4ms)[0m  [1m[33mUPDATE "transactions" SET "status" = ?, "updated_at" = ? WHERE "transactions"."id" = ?[0m  [["status", 0], ["updated_at", "2022-08-23 00:39:19.580365"], ["id", 1]]
  [1m[35m (7.7ms)[0m  [1m[36mcommit transaction[0m
Started GET "/" for ::1 at 2022-08-22 21:49:28 -0300
  [1m[35m (0.2ms)[0m  [1m[34mSELECT "schema_migrations"."version" FROM "schema_migrations" ORDER BY "schema_migrations"."version" ASC[0m
Processing by Rails::WelcomeController#index as HTML
  Rendering /usr/share/rvm/gems/ruby-2.6.3/gems/railties-5.1.7/lib/rails/templates/rails/welcome/index.html.erb
  Rendered /usr/share/rvm/gems/ruby-2.6.3/gems/railties-5.1.7/lib/rails/templates/rails/welcome/index.html.erb (24.5ms)
Completed 200 OK in 58ms (Views: 46.1ms | ActiveRecord: 0.0ms)


Started POST "/transactions" for 127.0.0.1 at 2022-08-22 21:57:07 -0300
  
SyntaxError (/home/rodolfocosta/gersola/payments/app/controllers/transactions_controller.rb:6: else without rescue is useless
                           else
                           ^~~~
/home/rodolfocosta/gersola/payments/app/controllers/transactions_controller.rb:20: syntax error, unexpected end, expecting end-of-input):
  
app/controllers/transactions_controller.rb:6: else without rescue is useless
app/controllers/transactions_controller.rb:20: syntax error, unexpected end, expecting end-of-input
Started POST "/transactions" for 127.0.0.1 at 2022-08-22 21:57:55 -0300
Processing by TransactionsController#create as */*
  Parameters: {"transaction"=>{"creadit_card_number"=>"5149 1183 8696 6965", "cvv"=>783, "due_date"=>"23/06/2024", "amount"=>500}}
Can't verify CSRF token authenticity.
Completed 422 Unprocessable Entity in 20ms


  
ActionController::InvalidAuthenticityToken (ActionController::InvalidAuthenticityToken):
  
actionpack (5.1.7) lib/action_controller/metal/request_forgery_protection.rb:195:in `handle_unverified_request'
actionpack (5.1.7) lib/action_controller/metal/request_forgery_protection.rb:227:in `handle_unverified_request'
actionpack (5.1.7) lib/action_controller/metal/request_forgery_protection.rb:222:in `verify_authenticity_token'
activesupport (5.1.7) lib/active_support/callbacks.rb:413:in `block in make_lambda'
activesupport (5.1.7) lib/active_support/callbacks.rb:197:in `block (2 levels) in halting'
actionpack (5.1.7) lib/abstract_controller/callbacks.rb:12:in `block (2 levels) in <module:Callbacks>'
activesupport (5.1.7) lib/active_support/callbacks.rb:198:in `block in halting'
activesupport (5.1.7) lib/active_support/callbacks.rb:507:in `block in invoke_before'
activesupport (5.1.7) lib/active_support/callbacks.rb:507:in `each'
activesupport (5.1.7) lib/active_support/callbacks.rb:507:in `invoke_before'
activesupport (5.1.7) lib/active_support/callbacks.rb:130:in `run_callbacks'
actionpack (5.1.7) lib/abstract_controller/callbacks.rb:19:in `process_action'
actionpack (5.1.7) lib/action_controller/metal/rescue.rb:20:in `process_action'
actionpack (5.1.7) lib/action_controller/metal/instrumentation.rb:32:in `block in process_action'
activesupport (5.1.7) lib/active_support/notifications.rb:166:in `block in instrument'
activesupport (5.1.7) lib/active_support/notifications/instrumenter.rb:21:in `instrument'
activesupport (5.1.7) lib/active_support/notifications.rb:166:in `instrument'
actionpack (5.1.7) lib/action_controller/metal/instrumentation.rb:30:in `process_action'
actionpack (5.1.7) lib/action_controller/metal/params_wrapper.rb:252:in `process_action'
activerecord (5.1.7) lib/active_record/railties/controller_runtime.rb:22:in `process_action'
actionpack (5.1.7) lib/abstract_controller/base.rb:124:in `process'
actionview (5.1.7) lib/action_view/rendering.rb:30:in `process'
actionpack (5.1.7) lib/action_controller/metal.rb:189:in `dispatch'
actionpack (5.1.7) lib/action_controller/metal.rb:253:in `dispatch'
actionpack (5.1.7) lib/action_dispatch/routing/route_set.rb:49:in `dispatch'
actionpack (5.1.7) lib/action_dispatch/routing/route_set.rb:31:in `serve'
actionpack (5.1.7) lib/action_dispatch/journey/router.rb:50:in `block in serve'
actionpack (5.1.7) lib/action_dispatch/journey/router.rb:33:in `each'
actionpack (5.1.7) lib/action_dispatch/journey/router.rb:33:in `serve'
actionpack (5.1.7) lib/action_dispatch/routing/route_set.rb:844:in `call'
rack (2.2.4) lib/rack/etag.rb:27:in `call'
rack (2.2.4) lib/rack/conditional_get.rb:40:in `call'
rack (2.2.4) lib/rack/head.rb:12:in `call'
rack (2.2.4) lib/rack/session/abstract/id.rb:266:in `context'
rack (2.2.4) lib/rack/session/abstract/id.rb:260:in `call'
actionpack (5.1.7) lib/action_dispatch/middleware/cookies.rb:613:in `call'
activerecord (5.1.7) lib/active_record/migration.rb:556:in `call'
actionpack (5.1.7) lib/action_dispatch/middleware/callbacks.rb:26:in `block in call'
activesupport (5.1.7) lib/active_support/callbacks.rb:97:in `run_callbacks'
actionpack (5.1.7) lib/action_dispatch/middleware/callbacks.rb:24:in `call'
actionpack (5.1.7) lib/action_dispatch/middleware/executor.rb:12:in `call'
actionpack (5.1.7) lib/action_dispatch/middleware/debug_exceptions.rb:59:in `call'
web-console (3.7.0) lib/web_console/middleware.rb:135:in `call_app'
web-console (3.7.0) lib/web_console/middleware.rb:30:in `block in call'
web-console (3.7.0) lib/web_console/middleware.rb:20:in `catch'
web-console (3.7.0) lib/web_console/middleware.rb:20:in `call'
actionpack (5.1.7) lib/action_dispatch/middleware/show_exceptions.rb:31:in `call'
railties (5.1.7) lib/rails/rack/logger.rb:36:in `call_app'
railties (5.1.7) lib/rails/rack/logger.rb:24:in `block in call'
activesupport (5.1.7) lib/active_support/tagged_logging.rb:69:in `block in tagged'
activesupport (5.1.7) lib/active_support/tagged_logging.rb:26:in `tagged'
activesupport (5.1.7) lib/active_support/tagged_logging.rb:69:in `tagged'
railties (5.1.7) lib/rails/rack/logger.rb:24:in `call'
sprockets-rails (3.2.2) lib/sprockets/rails/quiet_assets.rb:13:in `call'
actionpack (5.1.7) lib/action_dispatch/middleware/remote_ip.rb:79:in `call'
actionpack (5.1.7) lib/action_dispatch/middleware/request_id.rb:25:in `call'
rack (2.2.4) lib/rack/method_override.rb:24:in `call'
rack (2.2.4) lib/rack/runtime.rb:22:in `call'
activesupport (5.1.7) lib/active_support/cache/strategy/local_cache_middleware.rb:27:in `call'
actionpack (5.1.7) lib/action_dispatch/middleware/executor.rb:12:in `call'
actionpack (5.1.7) lib/action_dispatch/middleware/static.rb:125:in `call'
rack (2.2.4) lib/rack/sendfile.rb:110:in `call'
railties (5.1.7) lib/rails/engine.rb:522:in `call'
puma (3.12.6) lib/puma/configuration.rb:227:in `call'
puma (3.12.6) lib/puma/server.rb:706:in `handle_request'
puma (3.12.6) lib/puma/server.rb:476:in `process_client'
puma (3.12.6) lib/puma/server.rb:334:in `block in run'
puma (3.12.6) lib/puma/thread_pool.rb:135:in `block in spawn_thread'
Started POST "/transactions" for 127.0.0.1 at 2022-08-22 22:00:13 -0300
  [1m[35m (0.7ms)[0m  [1m[34mSELECT "schema_migrations"."version" FROM "schema_migrations" ORDER BY "schema_migrations"."version" ASC[0m
Processing by TransactionsController#create as */*
  Parameters: {"transaction"=>{"creadit_card_number"=>"5149 1183 8696 6965", "cvv"=>783, "due_date"=>"23/06/2024", "amount"=>500}}
Unpermitted parameter: :creadit_card_number
  [1m[35m (0.1ms)[0m  [1m[36mbegin transaction[0m
  [1m[35mSQL (10.0ms)[0m  [1m[32mINSERT INTO "transactions" ("cvv", "due_date", "amount", "status", "created_at", "updated_at") VALUES (?, ?, ?, ?, ?, ?)[0m  [["cvv", 783], ["due_date", "2024-06-23"], ["amount", 500.0], ["status", 1], ["created_at", "2022-08-23 01:00:15.200930"], ["updated_at", "2022-08-23 01:00:15.200930"]]
  [1m[35m (31.9ms)[0m  [1m[36mcommit transaction[0m
Completed 201 Created in 266ms (Views: 5.1ms | ActiveRecord: 55.4ms)


Started POST "/transactions" for 127.0.0.1 at 2022-08-22 22:01:43 -0300
Processing by TransactionsController#create as */*
  Parameters: {"transaction"=>{"creadit_card_number"=>"5149 1183 8696 6965", "cvv"=>100, "due_date"=>"23/06/2024", "amount"=>500}}
Unpermitted parameter: :creadit_card_number
  [1m[35m (0.1ms)[0m  [1m[36mbegin transaction[0m
  [1m[35mSQL (14.4ms)[0m  [1m[32mINSERT INTO "transactions" ("cvv", "due_date", "amount", "status", "created_at", "updated_at") VALUES (?, ?, ?, ?, ?, ?)[0m  [["cvv", 100], ["due_date", "2024-06-23"], ["amount", 500.0], ["status", 2], ["created_at", "2022-08-23 01:01:43.966929"], ["updated_at", "2022-08-23 01:01:43.966929"]]
  [1m[35m (29.8ms)[0m  [1m[36mcommit transaction[0m
Completed 201 Created in 91ms (Views: 14.3ms | ActiveRecord: 44.8ms)


